{
  "stats": {
    "suites": 1,
    "tests": 4,
    "passes": 3,
    "pending": 0,
    "failures": 1,
    "start": "2021-04-13T01:31:19.943Z",
    "end": "2021-04-13T01:35:52.716Z",
    "duration": 272773,
    "testsRegistered": 4,
    "passPercent": 75,
    "pendingPercent": 0,
    "other": 0,
    "hasOther": false,
    "skipped": 0,
    "hasSkipped": false
  },
  "results": [
    {
      "uuid": "c85c6ca3-13ce-4b17-9964-8dc0dc2b52af",
      "title": "",
      "fullFile": "cypress/integration/e2e/Tex-X-spec.js",
      "file": "cypress/integration/e2e/Tex-X-spec.js",
      "beforeHooks": [],
      "afterHooks": [],
      "tests": [],
      "suites": [
        {
          "uuid": "78e45324-9a64-4904-a882-7cd3f1f488d6",
          "title": "Login to Quick Order",
          "fullFile": "",
          "file": "",
          "beforeHooks": [],
          "afterHooks": [],
          "tests": [
            {
              "title": "shoulbe able to load Tex-X Web site",
              "fullTitle": "Login to Quick Order shoulbe able to load Tex-X Web site",
              "timedOut": null,
              "duration": 22222,
              "state": "passed",
              "speed": "slow",
              "pass": true,
              "fail": false,
              "pending": false,
              "context": null,
              "code": "cy.url().should('include', '.ten-x');\ncy.title().should('eq', 'Ten-X Commercial Real Estate');\ncy.get('.css-19zqbm9-Title').contains('The smarter, faster, better');",
              "err": {},
              "uuid": "63d10c26-9d94-4737-a380-e0455289a9f6",
              "parentUUID": "78e45324-9a64-4904-a882-7cd3f1f488d6",
              "isHook": false,
              "skipped": false
            },
            {
              "title": "shoulbe able to view Fetured Properties details",
              "fullTitle": "Login to Quick Order shoulbe able to view Fetured Properties details",
              "timedOut": null,
              "duration": 54405,
              "state": "passed",
              "speed": "slow",
              "pass": true,
              "fail": false,
              "pending": false,
              "context": null,
              "code": "cy.xpath(\"(//strong[@data-elm-id='item-starting-bid-amount'])[1]\").invoke('text').then(start_bid => {\n  cy.xpath(\"(//span[@data-elm-id='item-property-name'])[1]\").invoke('text').then(property_name => {\n    cy.xpath(\"(//div[@data-elm-id='item-property-address'])[1]\").invoke('text').then(property_address => {\n      cy.xpath(\"(//div[@data-elm-id='item-property-state'])[1]\").invoke('text').then(property_state => {\n        cy.xpath(\"(//a[@data-elm-id='property-item'])[1]\").invoke('removeAttr', 'target').click({\n          force: true\n        });\n        cy.wait(5000); // cy.closePopup()\n        cy.get(\"h1\").contains(property_name, {\n          matchCase: false\n        });\n        cy.xpath(\"//span[@data-elm-id='bidding-box-starting-bid-value']/strong\").contains(start_bid, {\n          matchCase: false\n        });\n        cy.xpath(\"//span[@data-elm-id='prop_address']\").contains(property_address, {\n          matchCase: false\n        });\n        cy.xpath(\"//span[@data-elm-id='prop_address']\").contains(property_state, {\n          matchCase: false\n        });\n      });\n    });\n  });\n});",
              "err": {},
              "uuid": "3823eb1c-d93d-4d7d-acbd-b4df18cb7731",
              "parentUUID": "78e45324-9a64-4904-a882-7cd3f1f488d6",
              "isHook": false,
              "skipped": false
            },
            {
              "title": "shoulbe able to view All Active Properties",
              "fullTitle": "Login to Quick Order shoulbe able to view All Active Properties",
              "timedOut": null,
              "duration": 101659,
              "state": "failed",
              "speed": null,
              "pass": false,
              "fail": true,
              "pending": false,
              "context": null,
              "code": "cy.xpath(\"//a[@data-elm-id='view-all-btn']\").click({\n  force: true,\n  timeout: 3000\n});\ncy.wait(5000);\ncy.get(\"body\").then($body => {\n  var items = $body.find(\".ant-pagination-item\").length;\n  for (let n = 0; n < items; n++) {\n    cy.get(\".ant-pagination-item\").eq(n).click();\n    cy.xpath(\"//span[@data-elm-id='item-auction-status']/strong\").each($el => {\n      expect($el).to.contain('Online Auction');\n    });\n  }\n});",
              "err": {
                "message": "CypressError: Timed out after waiting `90000ms` for your remote page to load.\n\nYour page did not fire its `load` event within `90000ms`.\n\nYou can try increasing the `pageLoadTimeout` value in `C:\\Users\\rkhan\\CypressProjects\\QuickOrder-automation-framework\\cypress.json` to wait longer.\n\nBrowsers will not fire the `load` event until all stylesheets and scripts are done downloading.\n\nWhen this `load` event occurs, Cypress will continue running commands.",
                "estack": "CypressError: Timed out after waiting `90000ms` for your remote page to load.\n\nYour page did not fire its `load` event within `90000ms`.\n\nYou can try increasing the `pageLoadTimeout` value in `C:\\Users\\rkhan\\CypressProjects\\QuickOrder-automation-framework\\cypress.json` to wait longer.\n\nBrowsers will not fire the `load` event until all stylesheets and scripts are done downloading.\n\nWhen this `load` event occurs, Cypress will continue running commands.\n    at timedOutWaitingForPageLoad (https://www.ten-x.com/__cypress/runner/cypress_runner.js:137236:13)\n    at https://www.ten-x.com/__cypress/runner/cypress_runner.js:137532:16\n    at tryCatcher (https://www.ten-x.com/__cypress/runner/cypress_runner.js:10747:23)\n    at https://www.ten-x.com/__cypress/runner/cypress_runner.js:5869:41\n    at tryCatcher (https://www.ten-x.com/__cypress/runner/cypress_runner.js:10747:23)\n    at Promise._settlePromiseFromHandler (https://www.ten-x.com/__cypress/runner/cypress_runner.js:8682:31)\n    at Promise._settlePromise (https://www.ten-x.com/__cypress/runner/cypress_runner.js:8739:18)\n    at Promise._settlePromise0 (https://www.ten-x.com/__cypress/runner/cypress_runner.js:8784:10)\n    at Promise._settlePromises (https://www.ten-x.com/__cypress/runner/cypress_runner.js:8860:18)\n    at _drainQueueStep (https://www.ten-x.com/__cypress/runner/cypress_runner.js:5454:12)\n    at _drainQueue (https://www.ten-x.com/__cypress/runner/cypress_runner.js:5447:9)\n    at Async.../../node_modules/bluebird/js/release/async.js.Async._drainQueues (https://www.ten-x.com/__cypress/runner/cypress_runner.js:5463:5)\n    at Async.drainQueues (https://www.ten-x.com/__cypress/runner/cypress_runner.js:5333:14)\nFrom Your Spec Code:\n    at Context.eval (https://www.ten-x.com/__cypress/tests?p=cypress\\integration\\e2e\\Tex-X-spec.js:144:8)",
                "diff": null
              },
              "uuid": "e79a9abf-46b0-44e6-b807-b04248f006d1",
              "parentUUID": "78e45324-9a64-4904-a882-7cd3f1f488d6",
              "isHook": false,
              "skipped": false
            },
            {
              "title": "shoulbe able to view All Sold Properties",
              "fullTitle": "Login to Quick Order shoulbe able to view All Sold Properties",
              "timedOut": null,
              "duration": 89487,
              "state": "passed",
              "speed": "slow",
              "pass": true,
              "fail": false,
              "pending": false,
              "context": null,
              "code": "cy.xpath(\"//a[@data-elm-id='view-closed-btn']\").click({\n  force: true,\n  timeout: 3000\n});\ncy.wait(5000);\ncy.xpath(\"//span[@data-elm-id='item-auction-status']/strong\").each($el => {\n  expect($el).to.contain('Auction Closed');\n}); // cy.get(\"body\").then($body => {\n//     var items = $body.find(\".ant-pagination-item\").length  \n//     for(let n = 0; n < items; n ++) {\n//         cy.get(\".ant-pagination-item\").eq(n).click()\n//         cy.xpath(\"//span[@data-elm-id='item-auction-status']/strong\").each(($el) => {\n//             expect($el).to.contain('Auction Closed')\n//         })\n//     } \n// })",
              "err": {},
              "uuid": "45e3c9eb-467b-42c4-a756-482d433f2032",
              "parentUUID": "78e45324-9a64-4904-a882-7cd3f1f488d6",
              "isHook": false,
              "skipped": false
            }
          ],
          "suites": [],
          "passes": [
            "63d10c26-9d94-4737-a380-e0455289a9f6",
            "3823eb1c-d93d-4d7d-acbd-b4df18cb7731",
            "45e3c9eb-467b-42c4-a756-482d433f2032"
          ],
          "failures": [
            "e79a9abf-46b0-44e6-b807-b04248f006d1"
          ],
          "pending": [],
          "skipped": [],
          "duration": 267773,
          "root": false,
          "rootEmpty": false,
          "_timeout": 2000
        }
      ],
      "passes": [],
      "failures": [],
      "pending": [],
      "skipped": [],
      "duration": 0,
      "root": true,
      "rootEmpty": true,
      "_timeout": 2000
    }
  ],
  "meta": {
    "mocha": {
      "version": "7.0.1"
    },
    "mochawesome": {
      "options": {
        "quiet": false,
        "reportFilename": "mochawesome",
        "saveHtml": false,
        "saveJson": true,
        "consoleReporter": "spec",
        "useInlineDiffs": false,
        "code": true
      },
      "version": "6.2.2"
    },
    "marge": {
      "options": {
        "id": "default",
        "reportDir": "cypress/reports/mochawesome",
        "quite": true,
        "overwrite": false,
        "html": false,
        "json": true
      },
      "version": "5.2.0"
    }
  }
}